C:\USERS\XIAOXING\DESKTOP\INTERVIEW-MASTER\INTERVIEW-MASTER\DEBUG\STRING.EXE
C:\USERS\XIAOXING\DESKTOP\INTERVIEW-MASTER\INTERVIEW-MASTER\DEBUG\STRING.ILK
C:\USERS\XIAOXING\DESKTOP\INTERVIEW-MASTER\INTERVIEW-MASTER\DEBUG\STRING.PDB
C:\Users\xiaoxing\Desktop\interview-master\interview-master\string\Debug\cl.command.1.tlog
C:\Users\xiaoxing\Desktop\interview-master\interview-master\string\Debug\CL.read.1.tlog
C:\Users\xiaoxing\Desktop\interview-master\interview-master\string\Debug\CL.write.1.tlog
C:\Users\xiaoxing\Desktop\interview-master\interview-master\string\Debug\link.command.1.tlog
C:\Users\xiaoxing\Desktop\interview-master\interview-master\string\Debug\link.read.1.tlog
C:\Users\xiaoxing\Desktop\interview-master\interview-master\string\Debug\link.write.1.tlog
C:\Users\xiaoxing\Desktop\interview-master\interview-master\string\Debug\link-cvtres.read.1.tlog
C:\Users\xiaoxing\Desktop\interview-master\interview-master\string\Debug\link-cvtres.write.1.tlog
C:\USERS\XIAOXING\DESKTOP\INTERVIEW-MASTER\INTERVIEW-MASTER\STRING\DEBUG\MAIN.OBJ
C:\Users\xiaoxing\Desktop\interview-master\interview-master\string\Debug\mt.command.1.tlog
C:\Users\xiaoxing\Desktop\interview-master\interview-master\string\Debug\mt.read.1.tlog
C:\Users\xiaoxing\Desktop\interview-master\interview-master\string\Debug\mt.write.1.tlog
C:\USERS\XIAOXING\DESKTOP\INTERVIEW-MASTER\INTERVIEW-MASTER\STRING\DEBUG\QH_STRING.OBJ
C:\Users\xiaoxing\Desktop\interview-master\interview-master\string\Debug\rc.command.1.tlog
C:\Users\xiaoxing\Desktop\interview-master\interview-master\string\Debug\rc.read.1.tlog
C:\Users\xiaoxing\Desktop\interview-master\interview-master\string\Debug\rc.write.1.tlog
C:\USERS\XIAOXING\DESKTOP\INTERVIEW-MASTER\INTERVIEW-MASTER\STRING\DEBUG\STRING.EXE.EMBED.MANIFEST
C:\USERS\XIAOXING\DESKTOP\INTERVIEW-MASTER\INTERVIEW-MASTER\STRING\DEBUG\STRING.EXE.EMBED.MANIFEST.RES
C:\USERS\XIAOXING\DESKTOP\INTERVIEW-MASTER\INTERVIEW-MASTER\STRING\DEBUG\STRING.EXE.INTERMEDIATE.MANIFEST
C:\Users\xiaoxing\Desktop\interview-master\interview-master\string\Debug\string_manifest.rc
C:\Users\xiaoxing\Desktop\interview-master\interview-master\string\Debug\vc100.idb
C:\USERS\XIAOXING\DESKTOP\INTERVIEW-MASTER\INTERVIEW-MASTER\STRING\DEBUG\VC100.PDB
