生成启动时间为 2014/8/18 9:28:17。
     1>项目“D:\interview-master\interview-master\string\string.vcxproj”在节点 2 上(build 个目标)。
     1>PrepareForBuild:
         正在创建目录“D:\interview-master\interview-master\Debug\”。
       InitializeBuildStatus:
         正在创建“Debug\string.unsuccessfulbuild”，因为已指定“AlwaysCreate”。
       ClCompile:
         E:\dev\Microsoft Visual Studio 10.0\VC\bin\CL.exe /c /ZI /nologo /W3 /WX- /Od /Oy- /D WIN32 /D _DEBUG /D _CONSOLE /D _UNICODE /D UNICODE /Gm /EHsc /RTC1 /MDd /GS /fp:precise /Zc:wchar_t /Zc:forScope /Fo"Debug\\" /Fd"Debug\vc100.pdb" /Gd /TP /analyze- /errorReport:prompt main.cc qh_string.cc
         qh_string.cc
     1>d:\interview-master\interview-master\string\qh_string.cc(25): warning C4996: 'strcpy': This function or variable may be unsafe. Consider using strcpy_s instead. To disable deprecation, use _CRT_SECURE_NO_WARNINGS. See online help for details.
                 e:\dev\microsoft visual studio 10.0\vc\include\string.h(105) : 参见“strcpy”的声明
     1>d:\interview-master\interview-master\string\qh_string.cc(33): warning C4996: 'strncpy': This function or variable may be unsafe. Consider using strncpy_s instead. To disable deprecation, use _CRT_SECURE_NO_WARNINGS. See online help for details.
                 e:\dev\microsoft visual studio 10.0\vc\include\string.h(188) : 参见“strncpy”的声明
     1>d:\interview-master\interview-master\string\qh_string.cc(45): warning C4996: 'strcpy': This function or variable may be unsafe. Consider using strcpy_s instead. To disable deprecation, use _CRT_SECURE_NO_WARNINGS. See online help for details.
                 e:\dev\microsoft visual studio 10.0\vc\include\string.h(105) : 参见“strcpy”的声明
         main.cc
         正在生成代码...
       ManifestResourceCompile:
         C:\Program Files (x86)\Microsoft SDKs\Windows\v7.0A\bin\rc.exe /nologo /fo"Debug\string.exe.embed.manifest.res" Debug\string_manifest.rc 
       Link:
         E:\dev\Microsoft Visual Studio 10.0\VC\bin\link.exe /ERRORREPORT:PROMPT /OUT:"D:\interview-master\interview-master\Debug\string.exe" /INCREMENTAL /NOLOGO kernel32.lib user32.lib gdi32.lib winspool.lib comdlg32.lib advapi32.lib shell32.lib ole32.lib oleaut32.lib uuid.lib odbc32.lib odbccp32.lib /MANIFEST /ManifestFile:"Debug\string.exe.intermediate.manifest" /MANIFESTUAC:"level='asInvoker' uiAccess='false'" /DEBUG /PDB:"D:\interview-master\interview-master\Debug\string.pdb" /SUBSYSTEM:CONSOLE /TLBID:1 /DYNAMICBASE /NXCOMPAT /IMPLIB:"D:\interview-master\interview-master\Debug\string.lib" /MACHINE:X86 Debug\string.exe.embed.manifest.res
         Debug\main.obj
         Debug\qh_string.obj
       Manifest:
         C:\Program Files (x86)\Microsoft SDKs\Windows\v7.0A\bin\mt.exe /nologo /verbose /out:"Debug\string.exe.embed.manifest" /manifest Debug\string.exe.intermediate.manifest
         所有输出均为最新。
       LinkEmbedManifest:
         所有输出均为最新。
         string.vcxproj -> D:\interview-master\interview-master\Debug\string.exe
       FinalizeBuildStatus:
         正在删除文件“Debug\string.unsuccessfulbuild”。
         正在对“Debug\string.lastbuildstate”执行 Touch 任务。
     1>已完成生成项目“D:\interview-master\interview-master\string\string.vcxproj”(build 个目标)的操作。

生成成功。

已用时间 00:00:02.58
