C:\USERS\XIAOXING\DESKTOP\INTERVIEW-MASTER\INTERVIEW-MASTER\DEBUG\INI_PARSER.EXE
C:\USERS\XIAOXING\DESKTOP\INTERVIEW-MASTER\INTERVIEW-MASTER\DEBUG\INI_PARSER.ILK
C:\USERS\XIAOXING\DESKTOP\INTERVIEW-MASTER\INTERVIEW-MASTER\DEBUG\INI_PARSER.PDB
C:\Users\xiaoxing\Desktop\interview-master\interview-master\ini_parser\Debug\cl.command.1.tlog
C:\Users\xiaoxing\Desktop\interview-master\interview-master\ini_parser\Debug\CL.read.1.tlog
C:\Users\xiaoxing\Desktop\interview-master\interview-master\ini_parser\Debug\CL.write.1.tlog
C:\USERS\XIAOXING\DESKTOP\INTERVIEW-MASTER\INTERVIEW-MASTER\INI_PARSER\DEBUG\INI_PARSER.EXE.EMBED.MANIFEST
C:\USERS\XIAOXING\DESKTOP\INTERVIEW-MASTER\INTERVIEW-MASTER\INI_PARSER\DEBUG\INI_PARSER.EXE.EMBED.MANIFEST.RES
C:\USERS\XIAOXING\DESKTOP\INTERVIEW-MASTER\INTERVIEW-MASTER\INI_PARSER\DEBUG\INI_PARSER.EXE.INTERMEDIATE.MANIFEST
C:\USERS\XIAOXING\DESKTOP\INTERVIEW-MASTER\INTERVIEW-MASTER\INI_PARSER\DEBUG\INI_PARSER.OBJ
C:\Users\xiaoxing\Desktop\interview-master\interview-master\ini_parser\Debug\ini_parser_manifest.rc
C:\Users\xiaoxing\Desktop\interview-master\interview-master\ini_parser\Debug\link.6564.read.1.tlog
C:\Users\xiaoxing\Desktop\interview-master\interview-master\ini_parser\Debug\link.6564.write.1.tlog
C:\Users\xiaoxing\Desktop\interview-master\interview-master\ini_parser\Debug\link.6564-cvtres.read.1.tlog
C:\Users\xiaoxing\Desktop\interview-master\interview-master\ini_parser\Debug\link.6564-cvtres.write.1.tlog
C:\Users\xiaoxing\Desktop\interview-master\interview-master\ini_parser\Debug\link.command.1.tlog
C:\Users\xiaoxing\Desktop\interview-master\interview-master\ini_parser\Debug\link.read.1.tlog
C:\Users\xiaoxing\Desktop\interview-master\interview-master\ini_parser\Debug\link.write.1.tlog
C:\Users\xiaoxing\Desktop\interview-master\interview-master\ini_parser\Debug\link-cvtres.read.1.tlog
C:\Users\xiaoxing\Desktop\interview-master\interview-master\ini_parser\Debug\link-cvtres.write.1.tlog
C:\USERS\XIAOXING\DESKTOP\INTERVIEW-MASTER\INTERVIEW-MASTER\INI_PARSER\DEBUG\MAIN.OBJ
C:\Users\xiaoxing\Desktop\interview-master\interview-master\ini_parser\Debug\mt.command.1.tlog
C:\Users\xiaoxing\Desktop\interview-master\interview-master\ini_parser\Debug\mt.read.1.tlog
C:\Users\xiaoxing\Desktop\interview-master\interview-master\ini_parser\Debug\mt.write.1.tlog
C:\Users\xiaoxing\Desktop\interview-master\interview-master\ini_parser\Debug\rc.command.1.tlog
C:\Users\xiaoxing\Desktop\interview-master\interview-master\ini_parser\Debug\rc.read.1.tlog
C:\Users\xiaoxing\Desktop\interview-master\interview-master\ini_parser\Debug\rc.write.1.tlog
C:\Users\xiaoxing\Desktop\interview-master\interview-master\ini_parser\Debug\vc100.idb
C:\USERS\XIAOXING\DESKTOP\INTERVIEW-MASTER\INTERVIEW-MASTER\INI_PARSER\DEBUG\VC100.PDB
