生成启动时间为 2014/8/18 9:28:38。
     1>项目“D:\interview-master\interview-master\ini_parser\ini_parser.vcxproj”在节点 2 上(build 个目标)。
     1>InitializeBuildStatus:
         正在创建“Debug\ini_parser.unsuccessfulbuild”，因为已指定“AlwaysCreate”。
       ClCompile:
         E:\dev\Microsoft Visual Studio 10.0\VC\bin\CL.exe /c /ZI /nologo /W3 /WX- /Od /Oy- /D WIN32 /D _DEBUG /D _CONSOLE /D _UNICODE /D UNICODE /Gm /EHsc /RTC1 /MDd /GS /fp:precise /Zc:wchar_t /Zc:forScope /Fo"Debug\\" /Fd"Debug\vc100.pdb" /Gd /TP /analyze- /errorReport:prompt ini_parser.cc main.cc
         main.cc
         ini_parser.cc
     1>d:\interview-master\interview-master\ini_parser\ini_parser.cc(161): warning C4172: 返回局部变量或临时变量的地址
     1>d:\interview-master\interview-master\ini_parser\ini_parser.cc(189): warning C4172: 返回局部变量或临时变量的地址
         正在生成代码...
       ManifestResourceCompile:
         C:\Program Files (x86)\Microsoft SDKs\Windows\v7.0A\bin\rc.exe /nologo /fo"Debug\ini_parser.exe.embed.manifest.res" Debug\ini_parser_manifest.rc 
       Link:
         E:\dev\Microsoft Visual Studio 10.0\VC\bin\link.exe /ERRORREPORT:PROMPT /OUT:"D:\interview-master\interview-master\Debug\ini_parser.exe" /INCREMENTAL /NOLOGO kernel32.lib user32.lib gdi32.lib winspool.lib comdlg32.lib advapi32.lib shell32.lib ole32.lib oleaut32.lib uuid.lib odbc32.lib odbccp32.lib /MANIFEST /ManifestFile:"Debug\ini_parser.exe.intermediate.manifest" /MANIFESTUAC:"level='asInvoker' uiAccess='false'" /DEBUG /PDB:"D:\interview-master\interview-master\Debug\ini_parser.pdb" /SUBSYSTEM:CONSOLE /TLBID:1 /DYNAMICBASE /NXCOMPAT /IMPLIB:"D:\interview-master\interview-master\Debug\ini_parser.lib" /MACHINE:X86 Debug\ini_parser.exe.embed.manifest.res
         Debug\ini_parser.obj
         Debug\main.obj
       Manifest:
         C:\Program Files (x86)\Microsoft SDKs\Windows\v7.0A\bin\mt.exe /nologo /verbose /out:"Debug\ini_parser.exe.embed.manifest" /manifest Debug\ini_parser.exe.intermediate.manifest
         所有输出均为最新。
       LinkEmbedManifest:
         所有输出均为最新。
         ini_parser.vcxproj -> D:\interview-master\interview-master\Debug\ini_parser.exe
       FinalizeBuildStatus:
         正在删除文件“Debug\ini_parser.unsuccessfulbuild”。
         正在对“Debug\ini_parser.lastbuildstate”执行 Touch 任务。
     1>已完成生成项目“D:\interview-master\interview-master\ini_parser\ini_parser.vcxproj”(build 个目标)的操作。

生成成功。

已用时间 00:00:01.51
